<?xml version="1.0" encoding="UTF-8"?>
<!-- Generated by org.testng.reporters.JUnitReportReporter -->
<testsuite skipped="0" hostname="DESKTOP-RE5AUL9" name="testNG.Param7" tests="1" failures="0" timestamp="2022-04-30T14:40:47 IST" time="0.013" errors="0">
  <testcase name="Login" time="0.013" classname="testNG.Param7"/>
  <system-out/>
</testsuite> <!-- testNG.Param7 -->
