<?xml version="1.0" encoding="UTF-8"?>
<!-- Generated by org.testng.reporters.JUnitReportReporter -->
<testsuite skipped="0" hostname="DESKTOP-RE5AUL9" name="testNG.ContainWise" tests="2" failures="0" timestamp="2022-04-30T14:48:15 IST" time="0.017" errors="0">
  <testcase name="TestCase6" time="0.003" classname="testNG.ContainWise"/>
  <system-out/>
  <testcase name="TestCase5" time="0.014" classname="testNG.ContainWise"/>
  <system-out/>
</testsuite> <!-- testNG.ContainWise -->
