<?xml version="1.0" encoding="UTF-8"?>
<!-- Generated by org.testng.reporters.JUnitReportReporter -->
<testsuite skipped="0" hostname="DESKTOP-RE5AUL9" name="sample.DemoFirstScript" tests="1" failures="0" timestamp="2022-04-29T21:46:39 IST" time="0.020" errors="0">
  <testcase name="Demoscript" time="0.020" classname="sample.DemoFirstScript"/>
  <system-out/>
</testsuite> <!-- sample.DemoFirstScript -->
