<?xml version="1.0" encoding="UTF-8"?>
<!-- Generated by org.testng.reporters.JUnitReportReporter -->
<testsuite skipped="0" hostname="DESKTOP-RE5AUL9" name="testNG.priorityClass" tests="3" failures="0" timestamp="2022-04-30T13:47:11 IST" time="0.019" errors="0">
  <testcase name="Login" time="0.014" classname="testNG.priorityClass"/>
  <system-out/>
  <testcase name="sendEmail" time="0.003" classname="testNG.priorityClass"/>
  <system-out/>
  <testcase name="LogOut" time="0.002" classname="testNG.priorityClass"/>
  <system-out/>
</testsuite> <!-- testNG.priorityClass -->
