<?xml version="1.0" encoding="UTF-8"?>
<!-- Generated by org.testng.reporters.JUnitReportReporter -->
<testsuite skipped="0" hostname="DESKTOP-RE5AUL9" name="testNG.param10" tests="1" failures="0" timestamp="2022-04-30T15:24:32 IST" time="30.799" errors="0">
  <testcase name="loginLogoutInActitimeApplication" time="30.799" classname="testNG.param10"/>
  <system-out/>
</testsuite> <!-- testNG.param10 -->
