<?xml version="1.0" encoding="UTF-8"?>
<!-- Generated by org.testng.reporters.JUnitReportReporter -->
<testsuite skipped="0" hostname="DESKTOP-RE5AUL9" name="testNG.EnabledClass" tests="3" failures="0" timestamp="2022-04-30T14:10:53 IST" time="0.019" errors="0">
  <testcase name="checknotifications" time="0.002" classname="testNG.EnabledClass"/>
  <system-out/>
  <testcase name="signIn" time="0.013" classname="testNG.EnabledClass"/>
  <system-out/>
  <testcase name="login" time="0.004" classname="testNG.EnabledClass"/>
  <system-out/>
</testsuite> <!-- testNG.EnabledClass -->
