<?xml version="1.0" encoding="UTF-8"?>
<!-- Generated by org.testng.reporters.JUnitReportReporter -->
<testsuite skipped="0" hostname="DESKTOP-RE5AUL9" name="testNG.param9" tests="1" failures="0" timestamp="2022-04-30T14:57:43 IST" time="0.012" errors="0">
  <testcase name="TestCase7" time="0.012" classname="testNG.param9"/>
  <system-out/>
</testsuite> <!-- testNG.param9 -->
