<?xml version="1.0" encoding="UTF-8"?>
<!-- Generated by org.testng.reporters.JUnitReportReporter -->
<testsuite skipped="0" hostname="DESKTOP-RE5AUL9" name="testNG.SecoundScript" tests="1" failures="0" timestamp="2022-04-29T21:57:42 IST" time="0.013" errors="0">
  <testcase name="DemoSecound" time="0.013" classname="testNG.SecoundScript"/>
  <system-out/>
</testsuite> <!-- testNG.SecoundScript -->
