<?xml version="1.0" encoding="UTF-8"?>
<!-- Generated by org.testng.reporters.JUnitReportReporter -->
<testsuite skipped="0" hostname="DESKTOP-RE5AUL9" name="testNG.Annotations" tests="3" failures="0" timestamp="2022-04-30T13:17:00 IST" time="0.020" errors="0">
  <testcase name="Demo" time="0.003" classname="testNG.Annotations"/>
  <system-out/>
  <testcase name="Anno" time="0.013" classname="testNG.Annotations"/>
  <system-out/>
  <testcase name="Demo3" time="0.004" classname="testNG.Annotations"/>
  <system-out/>
</testsuite> <!-- testNG.Annotations -->
