<?xml version="1.0" encoding="UTF-8"?>
<!-- Generated by org.testng.reporters.JUnitReportReporter -->
<testsuite skipped="1" hostname="DESKTOP-RE5AUL9" name="testNG.TrueFlaseClass" tests="3" failures="0" timestamp="2022-04-30T13:54:34 IST" time="0.017" errors="0">
  <testcase name="param2" time="0.003" classname="testNG.TrueFlaseClass"/>
  <system-out/>
  <testcase name="param1" time="0.014" classname="testNG.TrueFlaseClass"/>
  <system-out/>
  <testcase name="param3" classname="testNG.TrueFlaseClass">
    <skipped/>
  </testcase> <!-- param3 -->
  <system-out/>
</testsuite> <!-- testNG.TrueFlaseClass -->
