<?xml version="1.0" encoding="UTF-8"?>
<!-- Generated by org.testng.reporters.JUnitReportReporter -->
<testsuite skipped="0" hostname="DESKTOP-RE5AUL9" name="testNG.Param8" tests="1" failures="0" timestamp="2022-04-30T14:44:39 IST" time="2.017" errors="0">
  <testcase name="testCase3" time="2.017" classname="testNG.Param8"/>
  <system-out/>
</testsuite> <!-- testNG.Param8 -->
