<?xml version="1.0" encoding="UTF-8"?>
<!-- Generated by org.testng.reporters.JUnitReportReporter -->
<testsuite skipped="0" hostname="DESKTOP-RE5AUL9" name="testNG.DemoSecoundPro" tests="1" failures="0" timestamp="2022-04-30T13:26:40 IST" time="0.013" errors="0">
  <testcase name="DemoMyAnnotations" time="0.013" classname="testNG.DemoSecoundPro"/>
  <system-out/>
</testsuite> <!-- testNG.DemoSecoundPro -->
