<?xml version="1.0" encoding="UTF-8"?>
<!-- Generated by org.testng.reporters.JUnitReportReporter -->
<testsuite skipped="0" hostname="DESKTOP-RE5AUL9" name="testngsample.FirstTestNGFile" tests="1" failures="0" timestamp="2022-04-30T13:23:03 IST" time="0.013" errors="0">
  <testcase name="Demo" time="0.013" classname="testngsample.FirstTestNGFile"/>
  <system-out/>
</testsuite> <!-- testngsample.FirstTestNGFile -->
